[2023-12-19 02:55:04] production.ERROR: Undefined index: name {"exception":"[object] (ErrorException(code: 0): Undefined index: name at C:\\Users\\Gabrielle Aldo\\Downloads\\erp coba\\hospital-inventory-erp\\testsite\\vendor\\laravel\\framework\\src\\Illuminate\\Foundation\\PackageManifest.php:131)
[stacktrace]
#0 C:\\Users\\Gabrielle Aldo\\Downloads\\erp coba\\hospital-inventory-erp\\testsite\\vendor\\laravel\\framework\\src\\Illuminate\\Foundation\\PackageManifest.php(131): Illuminate\\Foundation\\Bootstrap\\HandleExceptions->handleError(8, 'Undefined index...', 'C:\\\\Users\\\\Gabrie...', 131, Array)
#1 C:\\Users\\Gabrielle Aldo\\Downloads\\erp coba\\hospital-inventory-erp\\testsite\\vendor\\laravel\\framework\\src\\Illuminate\\Support\\Collection.php(685): Illuminate\\Foundation\\PackageManifest->Illuminate\\Foundation\\{closure}(Array, 'packages')
#2 C:\\Users\\Gabrielle Aldo\\Downloads\\erp coba\\hospital-inventory-erp\\testsite\\vendor\\laravel\\framework\\src\\Illuminate\\Foundation\\PackageManifest.php(132): Illuminate\\Support\\Collection->mapWithKeys(Object(Closure))
#3 C:\\Users\\Gabrielle Aldo\\Downloads\\erp coba\\hospital-inventory-erp\\testsite\\vendor\\laravel\\framework\\src\\Illuminate\\Foundation\\PackageManifest.php(106): Illuminate\\Foundation\\PackageManifest->build()
#4 C:\\Users\\Gabrielle Aldo\\Downloads\\erp coba\\hospital-inventory-erp\\testsite\\vendor\\laravel\\framework\\src\\Illuminate\\Foundation\\PackageManifest.php(89): Illuminate\\Foundation\\PackageManifest->getManifest()
#5 C:\\Users\\Gabrielle Aldo\\Downloads\\erp coba\\hospital-inventory-erp\\testsite\\vendor\\laravel\\framework\\src\\Illuminate\\Foundation\\PackageManifest.php(78): Illuminate\\Foundation\\PackageManifest->config('aliases')
#6 C:\\Users\\Gabrielle Aldo\\Downloads\\erp coba\\hospital-inventory-erp\\testsite\\vendor\\laravel\\framework\\src\\Illuminate\\Foundation\\Bootstrap\\RegisterFacades.php(26): Illuminate\\Foundation\\PackageManifest->aliases()
#7 C:\\Users\\Gabrielle Aldo\\Downloads\\erp coba\\hospital-inventory-erp\\testsite\\vendor\\laravel\\framework\\src\\Illuminate\\Foundation\\Application.php(219): Illuminate\\Foundation\\Bootstrap\\RegisterFacades->bootstrap(Object(Illuminate\\Foundation\\Application))
#8 C:\\Users\\Gabrielle Aldo\\Downloads\\erp coba\\hospital-inventory-erp\\testsite\\vendor\\laravel\\framework\\src\\Illuminate\\Foundation\\Console\\Kernel.php(320): Illuminate\\Foundation\\Application->bootstrapWith(Array)
#9 C:\\Users\\Gabrielle Aldo\\Downloads\\erp coba\\hospital-inventory-erp\\testsite\\vendor\\laravel\\framework\\src\\Illuminate\\Foundation\\Console\\Kernel.php(129): Illuminate\\Foundation\\Console\\Kernel->bootstrap()
#10 C:\\Users\\Gabrielle Aldo\\Downloads\\erp coba\\hospital-inventory-erp\\testsite\\artisan(37): Illuminate\\Foundation\\Console\\Kernel->handle(Object(Symfony\\Component\\Console\\Input\\ArgvInput), Object(Symfony\\Component\\Console\\Output\\ConsoleOutput))
#11 {main}
"} 
[2023-12-19 03:05:06] production.ERROR: Undefined index: name {"exception":"[object] (ErrorException(code: 0): Undefined index: name at C:\\Users\\Gabrielle Aldo\\Downloads\\erp coba\\hospital-inventory-erp\\testsite\\vendor\\laravel\\framework\\src\\Illuminate\\Foundation\\PackageManifest.php:131)
[stacktrace]
#0 C:\\Users\\Gabrielle Aldo\\Downloads\\erp coba\\hospital-inventory-erp\\testsite\\vendor\\laravel\\framework\\src\\Illuminate\\Foundation\\PackageManifest.php(131): Illuminate\\Foundation\\Bootstrap\\HandleExceptions->handleError(8, 'Undefined index...', 'C:\\\\Users\\\\Gabrie...', 131, Array)
#1 C:\\Users\\Gabrielle Aldo\\Downloads\\erp coba\\hospital-inventory-erp\\testsite\\vendor\\laravel\\framework\\src\\Illuminate\\Support\\Collection.php(685): Illuminate\\Foundation\\PackageManifest->Illuminate\\Foundation\\{closure}(Array, 'packages')
#2 C:\\Users\\Gabrielle Aldo\\Downloads\\erp coba\\hospital-inventory-erp\\testsite\\vendor\\laravel\\framework\\src\\Illuminate\\Foundation\\PackageManifest.php(132): Illuminate\\Support\\Collection->mapWithKeys(Object(Closure))
#3 C:\\Users\\Gabrielle Aldo\\Downloads\\erp coba\\hospital-inventory-erp\\testsite\\vendor\\laravel\\framework\\src\\Illuminate\\Foundation\\PackageManifest.php(106): Illuminate\\Foundation\\PackageManifest->build()
#4 C:\\Users\\Gabrielle Aldo\\Downloads\\erp coba\\hospital-inventory-erp\\testsite\\vendor\\laravel\\framework\\src\\Illuminate\\Foundation\\PackageManifest.php(89): Illuminate\\Foundation\\PackageManifest->getManifest()
#5 C:\\Users\\Gabrielle Aldo\\Downloads\\erp coba\\hospital-inventory-erp\\testsite\\vendor\\laravel\\framework\\src\\Illuminate\\Foundation\\PackageManifest.php(78): Illuminate\\Foundation\\PackageManifest->config('aliases')
#6 C:\\Users\\Gabrielle Aldo\\Downloads\\erp coba\\hospital-inventory-erp\\testsite\\vendor\\laravel\\framework\\src\\Illuminate\\Foundation\\Bootstrap\\RegisterFacades.php(26): Illuminate\\Foundation\\PackageManifest->aliases()
#7 C:\\Users\\Gabrielle Aldo\\Downloads\\erp coba\\hospital-inventory-erp\\testsite\\vendor\\laravel\\framework\\src\\Illuminate\\Foundation\\Application.php(219): Illuminate\\Foundation\\Bootstrap\\RegisterFacades->bootstrap(Object(Illuminate\\Foundation\\Application))
#8 C:\\Users\\Gabrielle Aldo\\Downloads\\erp coba\\hospital-inventory-erp\\testsite\\vendor\\laravel\\framework\\src\\Illuminate\\Foundation\\Console\\Kernel.php(320): Illuminate\\Foundation\\Application->bootstrapWith(Array)
#9 C:\\Users\\Gabrielle Aldo\\Downloads\\erp coba\\hospital-inventory-erp\\testsite\\vendor\\laravel\\framework\\src\\Illuminate\\Foundation\\Console\\Kernel.php(129): Illuminate\\Foundation\\Console\\Kernel->bootstrap()
#10 C:\\Users\\Gabrielle Aldo\\Downloads\\erp coba\\hospital-inventory-erp\\testsite\\artisan(37): Illuminate\\Foundation\\Console\\Kernel->handle(Object(Symfony\\Component\\Console\\Input\\ArgvInput), Object(Symfony\\Component\\Console\\Output\\ConsoleOutput))
#11 {main}
"} 
[2023-12-19 03:08:21] production.ERROR: SQLSTATE[HY000] [1045] Access denied for user 'forge'@'localhost' (using password: NO) (SQL: select * from information_schema.tables where table_schema = forge and table_name = migrations and table_type = 'BASE TABLE') {"exception":"[object] (Illuminate\\Database\\QueryException(code: 1045): SQLSTATE[HY000] [1045] Access denied for user 'forge'@'localhost' (using password: NO) (SQL: select * from information_schema.tables where table_schema = forge and table_name = migrations and table_type = 'BASE TABLE') at C:\\Users\\Gabrielle Aldo\\Downloads\\erp coba\\hospital-inventory-erp\\testsite\\vendor\\laravel\\framework\\src\\Illuminate\\Database\\Connection.php:669)
[stacktrace]
#0 C:\\Users\\Gabrielle Aldo\\Downloads\\erp coba\\hospital-inventory-erp\\testsite\\vendor\\laravel\\framework\\src\\Illuminate\\Database\\Connection.php(629): Illuminate\\Database\\Connection->runQueryCallback('select * from i...', Array, Object(Closure))
#1 C:\\Users\\Gabrielle Aldo\\Downloads\\erp coba\\hospital-inventory-erp\\testsite\\vendor\\laravel\\framework\\src\\Illuminate\\Database\\Connection.php(338): Illuminate\\Database\\Connection->run('select * from i...', Array, Object(Closure))
#2 C:\\Users\\Gabrielle Aldo\\Downloads\\erp coba\\hospital-inventory-erp\\testsite\\vendor\\laravel\\framework\\src\\Illuminate\\Database\\Schema\\MySqlBuilder.php(18): Illuminate\\Database\\Connection->select('select * from i...', Array)
#3 C:\\Users\\Gabrielle Aldo\\Downloads\\erp coba\\hospital-inventory-erp\\testsite\\vendor\\laravel\\framework\\src\\Illuminate\\Database\\Migrations\\DatabaseMigrationRepository.php(169): Illuminate\\Database\\Schema\\MySqlBuilder->hasTable('migrations')
#4 C:\\Users\\Gabrielle Aldo\\Downloads\\erp coba\\hospital-inventory-erp\\testsite\\vendor\\laravel\\framework\\src\\Illuminate\\Database\\Migrations\\Migrator.php(590): Illuminate\\Database\\Migrations\\DatabaseMigrationRepository->repositoryExists()
#5 C:\\Users\\Gabrielle Aldo\\Downloads\\erp coba\\hospital-inventory-erp\\testsite\\vendor\\laravel\\framework\\src\\Illuminate\\Database\\Console\\Migrations\\MigrateCommand.php(91): Illuminate\\Database\\Migrations\\Migrator->repositoryExists()
#6 C:\\Users\\Gabrielle Aldo\\Downloads\\erp coba\\hospital-inventory-erp\\testsite\\vendor\\laravel\\framework\\src\\Illuminate\\Database\\Console\\Migrations\\MigrateCommand.php(63): Illuminate\\Database\\Console\\Migrations\\MigrateCommand->prepareDatabase()
#7 C:\\Users\\Gabrielle Aldo\\Downloads\\erp coba\\hospital-inventory-erp\\testsite\\vendor\\laravel\\framework\\src\\Illuminate\\Container\\BoundMethod.php(36): Illuminate\\Database\\Console\\Migrations\\MigrateCommand->handle()
#8 C:\\Users\\Gabrielle Aldo\\Downloads\\erp coba\\hospital-inventory-erp\\testsite\\vendor\\laravel\\framework\\src\\Illuminate\\Container\\Util.php(37): Illuminate\\Container\\BoundMethod::Illuminate\\Container\\{closure}()
#9 C:\\Users\\Gabrielle Aldo\\Downloads\\erp coba\\hospital-inventory-erp\\testsite\\vendor\\laravel\\framework\\src\\Illuminate\\Container\\BoundMethod.php(93): Illuminate\\Container\\Util::unwrapIfClosure(Object(Closure))
#10 C:\\Users\\Gabrielle Aldo\\Downloads\\erp coba\\hospital-inventory-erp\\testsite\\vendor\\laravel\\framework\\src\\Illuminate\\Container\\BoundMethod.php(37): Illuminate\\Container\\BoundMethod::callBoundMethod(Object(Illuminate\\Foundation\\Application), Array, Object(Closure))
#11 C:\\Users\\Gabrielle Aldo\\Downloads\\erp coba\\hospital-inventory-erp\\testsite\\vendor\\laravel\\framework\\src\\Illuminate\\Container\\Container.php(590): Illuminate\\Container\\BoundMethod::call(Object(Illuminate\\Foundation\\Application), Array, Array, NULL)
#12 C:\\Users\\Gabrielle Aldo\\Downloads\\erp coba\\hospital-inventory-erp\\testsite\\vendor\\laravel\\framework\\src\\Illuminate\\Console\\Command.php(134): Illuminate\\Container\\Container->call(Array)
#13 C:\\Users\\Gabrielle Aldo\\Downloads\\erp coba\\hospital-inventory-erp\\testsite\\vendor\\symfony\\console\\Command\\Command.php(255): Illuminate\\Console\\Command->execute(Object(Symfony\\Component\\Console\\Input\\ArgvInput), Object(Illuminate\\Console\\OutputStyle))
#14 C:\\Users\\Gabrielle Aldo\\Downloads\\erp coba\\hospital-inventory-erp\\testsite\\vendor\\laravel\\framework\\src\\Illuminate\\Console\\Command.php(121): Symfony\\Component\\Console\\Command\\Command->run(Object(Symfony\\Component\\Console\\Input\\ArgvInput), Object(Illuminate\\Console\\OutputStyle))
#15 C:\\Users\\Gabrielle Aldo\\Downloads\\erp coba\\hospital-inventory-erp\\testsite\\vendor\\symfony\\console\\Application.php(1021): Illuminate\\Console\\Command->run(Object(Symfony\\Component\\Console\\Input\\ArgvInput), Object(Symfony\\Component\\Console\\Output\\ConsoleOutput))
#16 C:\\Users\\Gabrielle Aldo\\Downloads\\erp coba\\hospital-inventory-erp\\testsite\\vendor\\symfony\\console\\Application.php(275): Symfony\\Component\\Console\\Application->doRunCommand(Object(Illuminate\\Database\\Console\\Migrations\\MigrateCommand), Object(Symfony\\Component\\Console\\Input\\ArgvInput), Object(Symfony\\Component\\Console\\Output\\ConsoleOutput))
#17 C:\\Users\\Gabrielle Aldo\\Downloads\\erp coba\\hospital-inventory-erp\\testsite\\vendor\\symfony\\console\\Application.php(149): Symfony\\Component\\Console\\Application->doRun(Object(Symfony\\Component\\Console\\Input\\ArgvInput), Object(Symfony\\Component\\Console\\Output\\ConsoleOutput))
#18 C:\\Users\\Gabrielle Aldo\\Downloads\\erp coba\\hospital-inventory-erp\\testsite\\vendor\\laravel\\framework\\src\\Illuminate\\Console\\Application.php(93): Symfony\\Component\\Console\\Application->run(Object(Symfony\\Component\\Console\\Input\\ArgvInput), Object(Symfony\\Component\\Console\\Output\\ConsoleOutput))
#19 C:\\Users\\Gabrielle Aldo\\Downloads\\erp coba\\hospital-inventory-erp\\testsite\\vendor\\laravel\\framework\\src\\Illuminate\\Foundation\\Console\\Kernel.php(131): Illuminate\\Console\\Application->run(Object(Symfony\\Component\\Console\\Input\\ArgvInput), Object(Symfony\\Component\\Console\\Output\\ConsoleOutput))
#20 C:\\Users\\Gabrielle Aldo\\Downloads\\erp coba\\hospital-inventory-erp\\testsite\\artisan(37): Illuminate\\Foundation\\Console\\Kernel->handle(Object(Symfony\\Component\\Console\\Input\\ArgvInput), Object(Symfony\\Component\\Console\\Output\\ConsoleOutput))
#21 {main}

[previous exception] [object] (PDOException(code: 1045): SQLSTATE[HY000] [1045] Access denied for user 'forge'@'localhost' (using password: NO) at C:\\Users\\Gabrielle Aldo\\Downloads\\erp coba\\hospital-inventory-erp\\testsite\\vendor\\laravel\\framework\\src\\Illuminate\\Database\\Connectors\\Connector.php:70)
[stacktrace]
#0 C:\\Users\\Gabrielle Aldo\\Downloads\\erp coba\\hospital-inventory-erp\\testsite\\vendor\\laravel\\framework\\src\\Illuminate\\Database\\Connectors\\Connector.php(70): PDO->__construct('mysql:host=127....', 'forge', '', Array)
#1 C:\\Users\\Gabrielle Aldo\\Downloads\\erp coba\\hospital-inventory-erp\\testsite\\vendor\\laravel\\framework\\src\\Illuminate\\Database\\Connectors\\Connector.php(46): Illuminate\\Database\\Connectors\\Connector->createPdoConnection('mysql:host=127....', 'forge', '', Array)
#2 C:\\Users\\Gabrielle Aldo\\Downloads\\erp coba\\hospital-inventory-erp\\testsite\\vendor\\laravel\\framework\\src\\Illuminate\\Database\\Connectors\\MySqlConnector.php(24): Illuminate\\Database\\Connectors\\Connector->createConnection('mysql:host=127....', Array, Array)
#3 C:\\Users\\Gabrielle Aldo\\Downloads\\erp coba\\hospital-inventory-erp\\testsite\\vendor\\laravel\\framework\\src\\Illuminate\\Database\\Connectors\\ConnectionFactory.php(182): Illuminate\\Database\\Connectors\\MySqlConnector->connect(Array)
#4 [internal function]: Illuminate\\Database\\Connectors\\ConnectionFactory->Illuminate\\Database\\Connectors\\{closure}()
#5 C:\\Users\\Gabrielle Aldo\\Downloads\\erp coba\\hospital-inventory-erp\\testsite\\vendor\\laravel\\framework\\src\\Illuminate\\Database\\Connection.php(924): call_user_func(Object(Closure))
#6 C:\\Users\\Gabrielle Aldo\\Downloads\\erp coba\\hospital-inventory-erp\\testsite\\vendor\\laravel\\framework\\src\\Illuminate\\Database\\Connection.php(959): Illuminate\\Database\\Connection->getPdo()
#7 C:\\Users\\Gabrielle Aldo\\Downloads\\erp coba\\hospital-inventory-erp\\testsite\\vendor\\laravel\\framework\\src\\Illuminate\\Database\\Connection.php(404): Illuminate\\Database\\Connection->getReadPdo()
#8 C:\\Users\\Gabrielle Aldo\\Downloads\\erp coba\\hospital-inventory-erp\\testsite\\vendor\\laravel\\framework\\src\\Illuminate\\Database\\Connection.php(330): Illuminate\\Database\\Connection->getPdoForSelect(true)
#9 C:\\Users\\Gabrielle Aldo\\Downloads\\erp coba\\hospital-inventory-erp\\testsite\\vendor\\laravel\\framework\\src\\Illuminate\\Database\\Connection.php(662): Illuminate\\Database\\Connection->Illuminate\\Database\\{closure}('select * from i...', Array)
#10 C:\\Users\\Gabrielle Aldo\\Downloads\\erp coba\\hospital-inventory-erp\\testsite\\vendor\\laravel\\framework\\src\\Illuminate\\Database\\Connection.php(629): Illuminate\\Database\\Connection->runQueryCallback('select * from i...', Array, Object(Closure))
#11 C:\\Users\\Gabrielle Aldo\\Downloads\\erp coba\\hospital-inventory-erp\\testsite\\vendor\\laravel\\framework\\src\\Illuminate\\Database\\Connection.php(338): Illuminate\\Database\\Connection->run('select * from i...', Array, Object(Closure))
#12 C:\\Users\\Gabrielle Aldo\\Downloads\\erp coba\\hospital-inventory-erp\\testsite\\vendor\\laravel\\framework\\src\\Illuminate\\Database\\Schema\\MySqlBuilder.php(18): Illuminate\\Database\\Connection->select('select * from i...', Array)
#13 C:\\Users\\Gabrielle Aldo\\Downloads\\erp coba\\hospital-inventory-erp\\testsite\\vendor\\laravel\\framework\\src\\Illuminate\\Database\\Migrations\\DatabaseMigrationRepository.php(169): Illuminate\\Database\\Schema\\MySqlBuilder->hasTable('migrations')
#14 C:\\Users\\Gabrielle Aldo\\Downloads\\erp coba\\hospital-inventory-erp\\testsite\\vendor\\laravel\\framework\\src\\Illuminate\\Database\\Migrations\\Migrator.php(590): Illuminate\\Database\\Migrations\\DatabaseMigrationRepository->repositoryExists()
#15 C:\\Users\\Gabrielle Aldo\\Downloads\\erp coba\\hospital-inventory-erp\\testsite\\vendor\\laravel\\framework\\src\\Illuminate\\Database\\Console\\Migrations\\MigrateCommand.php(91): Illuminate\\Database\\Migrations\\Migrator->repositoryExists()
#16 C:\\Users\\Gabrielle Aldo\\Downloads\\erp coba\\hospital-inventory-erp\\testsite\\vendor\\laravel\\framework\\src\\Illuminate\\Database\\Console\\Migrations\\MigrateCommand.php(63): Illuminate\\Database\\Console\\Migrations\\MigrateCommand->prepareDatabase()
#17 C:\\Users\\Gabrielle Aldo\\Downloads\\erp coba\\hospital-inventory-erp\\testsite\\vendor\\laravel\\framework\\src\\Illuminate\\Container\\BoundMethod.php(36): Illuminate\\Database\\Console\\Migrations\\MigrateCommand->handle()
#18 C:\\Users\\Gabrielle Aldo\\Downloads\\erp coba\\hospital-inventory-erp\\testsite\\vendor\\laravel\\framework\\src\\Illuminate\\Container\\Util.php(37): Illuminate\\Container\\BoundMethod::Illuminate\\Container\\{closure}()
#19 C:\\Users\\Gabrielle Aldo\\Downloads\\erp coba\\hospital-inventory-erp\\testsite\\vendor\\laravel\\framework\\src\\Illuminate\\Container\\BoundMethod.php(93): Illuminate\\Container\\Util::unwrapIfClosure(Object(Closure))
#20 C:\\Users\\Gabrielle Aldo\\Downloads\\erp coba\\hospital-inventory-erp\\testsite\\vendor\\laravel\\framework\\src\\Illuminate\\Container\\BoundMethod.php(37): Illuminate\\Container\\BoundMethod::callBoundMethod(Object(Illuminate\\Foundation\\Application), Array, Object(Closure))
#21 C:\\Users\\Gabrielle Aldo\\Downloads\\erp coba\\hospital-inventory-erp\\testsite\\vendor\\laravel\\framework\\src\\Illuminate\\Container\\Container.php(590): Illuminate\\Container\\BoundMethod::call(Object(Illuminate\\Foundation\\Application), Array, Array, NULL)
#22 C:\\Users\\Gabrielle Aldo\\Downloads\\erp coba\\hospital-inventory-erp\\testsite\\vendor\\laravel\\framework\\src\\Illuminate\\Console\\Command.php(134): Illuminate\\Container\\Container->call(Array)
#23 C:\\Users\\Gabrielle Aldo\\Downloads\\erp coba\\hospital-inventory-erp\\testsite\\vendor\\symfony\\console\\Command\\Command.php(255): Illuminate\\Console\\Command->execute(Object(Symfony\\Component\\Console\\Input\\ArgvInput), Object(Illuminate\\Console\\OutputStyle))
#24 C:\\Users\\Gabrielle Aldo\\Downloads\\erp coba\\hospital-inventory-erp\\testsite\\vendor\\laravel\\framework\\src\\Illuminate\\Console\\Command.php(121): Symfony\\Component\\Console\\Command\\Command->run(Object(Symfony\\Component\\Console\\Input\\ArgvInput), Object(Illuminate\\Console\\OutputStyle))
#25 C:\\Users\\Gabrielle Aldo\\Downloads\\erp coba\\hospital-inventory-erp\\testsite\\vendor\\symfony\\console\\Application.php(1021): Illuminate\\Console\\Command->run(Object(Symfony\\Component\\Console\\Input\\ArgvInput), Object(Symfony\\Component\\Console\\Output\\ConsoleOutput))
#26 C:\\Users\\Gabrielle Aldo\\Downloads\\erp coba\\hospital-inventory-erp\\testsite\\vendor\\symfony\\console\\Application.php(275): Symfony\\Component\\Console\\Application->doRunCommand(Object(Illuminate\\Database\\Console\\Migrations\\MigrateCommand), Object(Symfony\\Component\\Console\\Input\\ArgvInput), Object(Symfony\\Component\\Console\\Output\\ConsoleOutput))
#27 C:\\Users\\Gabrielle Aldo\\Downloads\\erp coba\\hospital-inventory-erp\\testsite\\vendor\\symfony\\console\\Application.php(149): Symfony\\Component\\Console\\Application->doRun(Object(Symfony\\Component\\Console\\Input\\ArgvInput), Object(Symfony\\Component\\Console\\Output\\ConsoleOutput))
#28 C:\\Users\\Gabrielle Aldo\\Downloads\\erp coba\\hospital-inventory-erp\\testsite\\vendor\\laravel\\framework\\src\\Illuminate\\Console\\Application.php(93): Symfony\\Component\\Console\\Application->run(Object(Symfony\\Component\\Console\\Input\\ArgvInput), Object(Symfony\\Component\\Console\\Output\\ConsoleOutput))
#29 C:\\Users\\Gabrielle Aldo\\Downloads\\erp coba\\hospital-inventory-erp\\testsite\\vendor\\laravel\\framework\\src\\Illuminate\\Foundation\\Console\\Kernel.php(131): Illuminate\\Console\\Application->run(Object(Symfony\\Component\\Console\\Input\\ArgvInput), Object(Symfony\\Component\\Console\\Output\\ConsoleOutput))
#30 C:\\Users\\Gabrielle Aldo\\Downloads\\erp coba\\hospital-inventory-erp\\testsite\\artisan(37): Illuminate\\Foundation\\Console\\Kernel->handle(Object(Symfony\\Component\\Console\\Input\\ArgvInput), Object(Symfony\\Component\\Console\\Output\\ConsoleOutput))
#31 {main}
"} 
